CRITICAL - 2024-11-01 04:13:20 --> ErrorException: include_once(../template/css.php): Failed to open stream: No such file or directory
[Method: GET, Route: /]
in APPPATH\Views\home\home.php on line 2.
 1 APPPATH\Views\home\home.php(2): CodeIgniter\Debug\Exceptions->errorHandler(2, 'include_once(../template/css.php): Failed to open stream: No such file or directory', 'D:\\xampp\\htdocs\\marketing\\app\\Views\\home\\home.php', 2)
 2 APPPATH\Views\home\home.php(2): include_once()
 3 SYSTEMPATH\View\View.php(234): include('D:\\xampp\\htdocs\\marketing\\app\\Views\\home\\home.php')
 4 SYSTEMPATH\View\View.php(237): CodeIgniter\View\View->CodeIgniter\View\{closure}()
 5 SYSTEMPATH\Common.php(1171): CodeIgniter\View\View->render('home/home', [], true)
 6 APPPATH\Controllers\Home.php(9): view('home/home')
 7 SYSTEMPATH\CodeIgniter.php(933): App\Controllers\Home->index()
 8 SYSTEMPATH\CodeIgniter.php(509): CodeIgniter\CodeIgniter->runController(Object(App\Controllers\Home))
 9 SYSTEMPATH\CodeIgniter.php(355): CodeIgniter\CodeIgniter->handleRequest(null, Object(Config\Cache), false)
10 SYSTEMPATH\Boot.php(325): CodeIgniter\CodeIgniter->run()
11 SYSTEMPATH\Boot.php(67): CodeIgniter\Boot::runCodeIgniter(Object(CodeIgniter\CodeIgniter))
12 FCPATH\index.php(56): CodeIgniter\Boot::bootWeb(Object(Config\Paths))
CRITICAL - 2024-11-01 04:13:29 --> ErrorException: include_once(../template/css.php): Failed to open stream: No such file or directory
[Method: GET, Route: /]
in APPPATH\Views\home\home.php on line 2.
 1 APPPATH\Views\home\home.php(2): CodeIgniter\Debug\Exceptions->errorHandler(2, 'include_once(../template/css.php): Failed to open stream: No such file or directory', 'D:\\xampp\\htdocs\\marketing\\app\\Views\\home\\home.php', 2)
 2 APPPATH\Views\home\home.php(2): include_once()
 3 SYSTEMPATH\View\View.php(234): include('D:\\xampp\\htdocs\\marketing\\app\\Views\\home\\home.php')
 4 SYSTEMPATH\View\View.php(237): CodeIgniter\View\View->CodeIgniter\View\{closure}()
 5 SYSTEMPATH\Common.php(1171): CodeIgniter\View\View->render('home/home', [], true)
 6 APPPATH\Controllers\Home.php(9): view('home/home')
 7 SYSTEMPATH\CodeIgniter.php(933): App\Controllers\Home->index()
 8 SYSTEMPATH\CodeIgniter.php(509): CodeIgniter\CodeIgniter->runController(Object(App\Controllers\Home))
 9 SYSTEMPATH\CodeIgniter.php(355): CodeIgniter\CodeIgniter->handleRequest(null, Object(Config\Cache), false)
10 SYSTEMPATH\Boot.php(325): CodeIgniter\CodeIgniter->run()
11 SYSTEMPATH\Boot.php(67): CodeIgniter\Boot::runCodeIgniter(Object(CodeIgniter\CodeIgniter))
12 FCPATH\index.php(56): CodeIgniter\Boot::bootWeb(Object(Config\Paths))
CRITICAL - 2024-11-01 04:13:42 --> ErrorException: include_once(../template/css.php): Failed to open stream: No such file or directory
[Method: GET, Route: /]
in APPPATH\Views\home\home.php on line 2.
 1 APPPATH\Views\home\home.php(2): CodeIgniter\Debug\Exceptions->errorHandler(2, 'include_once(../template/css.php): Failed to open stream: No such file or directory', 'D:\\xampp\\htdocs\\marketing\\app\\Views\\home\\home.php', 2)
 2 APPPATH\Views\home\home.php(2): include_once()
 3 SYSTEMPATH\View\View.php(234): include('D:\\xampp\\htdocs\\marketing\\app\\Views\\home\\home.php')
 4 SYSTEMPATH\View\View.php(237): CodeIgniter\View\View->CodeIgniter\View\{closure}()
 5 SYSTEMPATH\Common.php(1171): CodeIgniter\View\View->render('home/home', [], true)
 6 APPPATH\Controllers\Home.php(9): view('home/home')
 7 SYSTEMPATH\CodeIgniter.php(933): App\Controllers\Home->index()
 8 SYSTEMPATH\CodeIgniter.php(509): CodeIgniter\CodeIgniter->runController(Object(App\Controllers\Home))
 9 SYSTEMPATH\CodeIgniter.php(355): CodeIgniter\CodeIgniter->handleRequest(null, Object(Config\Cache), false)
10 SYSTEMPATH\Boot.php(325): CodeIgniter\CodeIgniter->run()
11 SYSTEMPATH\Boot.php(67): CodeIgniter\Boot::runCodeIgniter(Object(CodeIgniter\CodeIgniter))
12 FCPATH\index.php(56): CodeIgniter\Boot::bootWeb(Object(Config\Paths))
CRITICAL - 2024-11-01 04:14:07 --> ErrorException: include_once(../template/css.php): Failed to open stream: No such file or directory
[Method: GET, Route: /]
in APPPATH\Views\home\home.php on line 2.
 1 APPPATH\Views\home\home.php(2): CodeIgniter\Debug\Exceptions->errorHandler(2, 'include_once(../template/css.php): Failed to open stream: No such file or directory', 'D:\\xampp\\htdocs\\marketing\\app\\Views\\home\\home.php', 2)
 2 APPPATH\Views\home\home.php(2): include_once()
 3 SYSTEMPATH\View\View.php(234): include('D:\\xampp\\htdocs\\marketing\\app\\Views\\home\\home.php')
 4 SYSTEMPATH\View\View.php(237): CodeIgniter\View\View->CodeIgniter\View\{closure}()
 5 SYSTEMPATH\Common.php(1171): CodeIgniter\View\View->render('home/home', [], true)
 6 APPPATH\Controllers\Home.php(9): view('home/home')
 7 SYSTEMPATH\CodeIgniter.php(933): App\Controllers\Home->index()
 8 SYSTEMPATH\CodeIgniter.php(509): CodeIgniter\CodeIgniter->runController(Object(App\Controllers\Home))
 9 SYSTEMPATH\CodeIgniter.php(355): CodeIgniter\CodeIgniter->handleRequest(null, Object(Config\Cache), false)
10 SYSTEMPATH\Boot.php(325): CodeIgniter\CodeIgniter->run()
11 SYSTEMPATH\Boot.php(67): CodeIgniter\Boot::runCodeIgniter(Object(CodeIgniter\CodeIgniter))
12 FCPATH\index.php(56): CodeIgniter\Boot::bootWeb(Object(Config\Paths))
CRITICAL - 2024-11-01 04:15:55 --> ErrorException: include_once(../template/css.php): Failed to open stream: No such file or directory
[Method: GET, Route: /]
in APPPATH\Views\home\home.php on line 2.
 1 APPPATH\Views\home\home.php(2): CodeIgniter\Debug\Exceptions->errorHandler(2, 'include_once(../template/css.php): Failed to open stream: No such file or directory', 'D:\\xampp\\htdocs\\marketing\\app\\Views\\home\\home.php', 2)
 2 APPPATH\Views\home\home.php(2): include_once()
 3 SYSTEMPATH\View\View.php(234): include('D:\\xampp\\htdocs\\marketing\\app\\Views\\home\\home.php')
 4 SYSTEMPATH\View\View.php(237): CodeIgniter\View\View->CodeIgniter\View\{closure}()
 5 SYSTEMPATH\Common.php(1171): CodeIgniter\View\View->render('home/home', [], true)
 6 APPPATH\Controllers\Home.php(11): view('home/home')
 7 SYSTEMPATH\CodeIgniter.php(933): App\Controllers\Home->index()
 8 SYSTEMPATH\CodeIgniter.php(509): CodeIgniter\CodeIgniter->runController(Object(App\Controllers\Home))
 9 SYSTEMPATH\CodeIgniter.php(355): CodeIgniter\CodeIgniter->handleRequest(null, Object(Config\Cache), false)
10 SYSTEMPATH\Boot.php(325): CodeIgniter\CodeIgniter->run()
11 SYSTEMPATH\Boot.php(67): CodeIgniter\Boot::runCodeIgniter(Object(CodeIgniter\CodeIgniter))
12 FCPATH\index.php(56): CodeIgniter\Boot::bootWeb(Object(Config\Paths))
CRITICAL - 2024-11-01 04:15:56 --> ErrorException: include_once(../template/css.php): Failed to open stream: No such file or directory
[Method: GET, Route: /]
in APPPATH\Views\home\home.php on line 2.
 1 APPPATH\Views\home\home.php(2): CodeIgniter\Debug\Exceptions->errorHandler(2, 'include_once(../template/css.php): Failed to open stream: No such file or directory', 'D:\\xampp\\htdocs\\marketing\\app\\Views\\home\\home.php', 2)
 2 APPPATH\Views\home\home.php(2): include_once()
 3 SYSTEMPATH\View\View.php(234): include('D:\\xampp\\htdocs\\marketing\\app\\Views\\home\\home.php')
 4 SYSTEMPATH\View\View.php(237): CodeIgniter\View\View->CodeIgniter\View\{closure}()
 5 SYSTEMPATH\Common.php(1171): CodeIgniter\View\View->render('home/home', [], true)
 6 APPPATH\Controllers\Home.php(11): view('home/home')
 7 SYSTEMPATH\CodeIgniter.php(933): App\Controllers\Home->index()
 8 SYSTEMPATH\CodeIgniter.php(509): CodeIgniter\CodeIgniter->runController(Object(App\Controllers\Home))
 9 SYSTEMPATH\CodeIgniter.php(355): CodeIgniter\CodeIgniter->handleRequest(null, Object(Config\Cache), false)
10 SYSTEMPATH\Boot.php(325): CodeIgniter\CodeIgniter->run()
11 SYSTEMPATH\Boot.php(67): CodeIgniter\Boot::runCodeIgniter(Object(CodeIgniter\CodeIgniter))
12 FCPATH\index.php(56): CodeIgniter\Boot::bootWeb(Object(Config\Paths))
CRITICAL - 2024-11-01 04:16:53 --> ErrorException: include_once(../template/css.php): Failed to open stream: No such file or directory
[Method: GET, Route: /]
in APPPATH\Views\home\home.php on line 2.
 1 APPPATH\Views\home\home.php(2): CodeIgniter\Debug\Exceptions->errorHandler(2, 'include_once(../template/css.php): Failed to open stream: No such file or directory', 'D:\\xampp\\htdocs\\marketing\\app\\Views\\home\\home.php', 2)
 2 APPPATH\Views\home\home.php(2): include_once()
 3 SYSTEMPATH\View\View.php(234): include('D:\\xampp\\htdocs\\marketing\\app\\Views\\home\\home.php')
 4 SYSTEMPATH\View\View.php(237): CodeIgniter\View\View->CodeIgniter\View\{closure}()
 5 SYSTEMPATH\Common.php(1171): CodeIgniter\View\View->render('home/home', [], true)
 6 APPPATH\Controllers\Home.php(11): view('home/home')
 7 SYSTEMPATH\CodeIgniter.php(933): App\Controllers\Home->index()
 8 SYSTEMPATH\CodeIgniter.php(509): CodeIgniter\CodeIgniter->runController(Object(App\Controllers\Home))
 9 SYSTEMPATH\CodeIgniter.php(355): CodeIgniter\CodeIgniter->handleRequest(null, Object(Config\Cache), false)
10 SYSTEMPATH\Boot.php(325): CodeIgniter\CodeIgniter->run()
11 SYSTEMPATH\Boot.php(67): CodeIgniter\Boot::runCodeIgniter(Object(CodeIgniter\CodeIgniter))
12 FCPATH\index.php(56): CodeIgniter\Boot::bootWeb(Object(Config\Paths))
CRITICAL - 2024-11-01 04:16:54 --> ErrorException: include_once(../template/css.php): Failed to open stream: No such file or directory
[Method: GET, Route: /]
in APPPATH\Views\home\home.php on line 2.
 1 APPPATH\Views\home\home.php(2): CodeIgniter\Debug\Exceptions->errorHandler(2, 'include_once(../template/css.php): Failed to open stream: No such file or directory', 'D:\\xampp\\htdocs\\marketing\\app\\Views\\home\\home.php', 2)
 2 APPPATH\Views\home\home.php(2): include_once()
 3 SYSTEMPATH\View\View.php(234): include('D:\\xampp\\htdocs\\marketing\\app\\Views\\home\\home.php')
 4 SYSTEMPATH\View\View.php(237): CodeIgniter\View\View->CodeIgniter\View\{closure}()
 5 SYSTEMPATH\Common.php(1171): CodeIgniter\View\View->render('home/home', [], true)
 6 APPPATH\Controllers\Home.php(11): view('home/home')
 7 SYSTEMPATH\CodeIgniter.php(933): App\Controllers\Home->index()
 8 SYSTEMPATH\CodeIgniter.php(509): CodeIgniter\CodeIgniter->runController(Object(App\Controllers\Home))
 9 SYSTEMPATH\CodeIgniter.php(355): CodeIgniter\CodeIgniter->handleRequest(null, Object(Config\Cache), false)
10 SYSTEMPATH\Boot.php(325): CodeIgniter\CodeIgniter->run()
11 SYSTEMPATH\Boot.php(67): CodeIgniter\Boot::runCodeIgniter(Object(CodeIgniter\CodeIgniter))
12 FCPATH\index.php(56): CodeIgniter\Boot::bootWeb(Object(Config\Paths))
CRITICAL - 2024-11-01 04:16:54 --> ErrorException: include_once(../template/css.php): Failed to open stream: No such file or directory
[Method: GET, Route: /]
in APPPATH\Views\home\home.php on line 2.
 1 APPPATH\Views\home\home.php(2): CodeIgniter\Debug\Exceptions->errorHandler(2, 'include_once(../template/css.php): Failed to open stream: No such file or directory', 'D:\\xampp\\htdocs\\marketing\\app\\Views\\home\\home.php', 2)
 2 APPPATH\Views\home\home.php(2): include_once()
 3 SYSTEMPATH\View\View.php(234): include('D:\\xampp\\htdocs\\marketing\\app\\Views\\home\\home.php')
 4 SYSTEMPATH\View\View.php(237): CodeIgniter\View\View->CodeIgniter\View\{closure}()
 5 SYSTEMPATH\Common.php(1171): CodeIgniter\View\View->render('home/home', [], true)
 6 APPPATH\Controllers\Home.php(11): view('home/home')
 7 SYSTEMPATH\CodeIgniter.php(933): App\Controllers\Home->index()
 8 SYSTEMPATH\CodeIgniter.php(509): CodeIgniter\CodeIgniter->runController(Object(App\Controllers\Home))
 9 SYSTEMPATH\CodeIgniter.php(355): CodeIgniter\CodeIgniter->handleRequest(null, Object(Config\Cache), false)
10 SYSTEMPATH\Boot.php(325): CodeIgniter\CodeIgniter->run()
11 SYSTEMPATH\Boot.php(67): CodeIgniter\Boot::runCodeIgniter(Object(CodeIgniter\CodeIgniter))
12 FCPATH\index.php(56): CodeIgniter\Boot::bootWeb(Object(Config\Paths))
CRITICAL - 2024-11-01 04:16:54 --> ErrorException: include_once(../template/css.php): Failed to open stream: No such file or directory
[Method: GET, Route: /]
in APPPATH\Views\home\home.php on line 2.
 1 APPPATH\Views\home\home.php(2): CodeIgniter\Debug\Exceptions->errorHandler(2, 'include_once(../template/css.php): Failed to open stream: No such file or directory', 'D:\\xampp\\htdocs\\marketing\\app\\Views\\home\\home.php', 2)
 2 APPPATH\Views\home\home.php(2): include_once()
 3 SYSTEMPATH\View\View.php(234): include('D:\\xampp\\htdocs\\marketing\\app\\Views\\home\\home.php')
 4 SYSTEMPATH\View\View.php(237): CodeIgniter\View\View->CodeIgniter\View\{closure}()
 5 SYSTEMPATH\Common.php(1171): CodeIgniter\View\View->render('home/home', [], true)
 6 APPPATH\Controllers\Home.php(11): view('home/home')
 7 SYSTEMPATH\CodeIgniter.php(933): App\Controllers\Home->index()
 8 SYSTEMPATH\CodeIgniter.php(509): CodeIgniter\CodeIgniter->runController(Object(App\Controllers\Home))
 9 SYSTEMPATH\CodeIgniter.php(355): CodeIgniter\CodeIgniter->handleRequest(null, Object(Config\Cache), false)
10 SYSTEMPATH\Boot.php(325): CodeIgniter\CodeIgniter->run()
11 SYSTEMPATH\Boot.php(67): CodeIgniter\Boot::runCodeIgniter(Object(CodeIgniter\CodeIgniter))
12 FCPATH\index.php(56): CodeIgniter\Boot::bootWeb(Object(Config\Paths))
CRITICAL - 2024-11-01 04:17:29 --> ErrorException: include_once(../template/css.php): Failed to open stream: No such file or directory
[Method: GET, Route: /]
in APPPATH\Views\home\home.php on line 2.
 1 APPPATH\Views\home\home.php(2): CodeIgniter\Debug\Exceptions->errorHandler(2, 'include_once(../template/css.php): Failed to open stream: No such file or directory', 'D:\\xampp\\htdocs\\marketing\\app\\Views\\home\\home.php', 2)
 2 APPPATH\Views\home\home.php(2): include_once()
 3 SYSTEMPATH\View\View.php(234): include('D:\\xampp\\htdocs\\marketing\\app\\Views\\home\\home.php')
 4 SYSTEMPATH\View\View.php(237): CodeIgniter\View\View->CodeIgniter\View\{closure}()
 5 SYSTEMPATH\Common.php(1171): CodeIgniter\View\View->render('home/home', [], true)
 6 APPPATH\Controllers\Home.php(11): view('home/home')
 7 SYSTEMPATH\CodeIgniter.php(933): App\Controllers\Home->index()
 8 SYSTEMPATH\CodeIgniter.php(509): CodeIgniter\CodeIgniter->runController(Object(App\Controllers\Home))
 9 SYSTEMPATH\CodeIgniter.php(355): CodeIgniter\CodeIgniter->handleRequest(null, Object(Config\Cache), false)
10 SYSTEMPATH\Boot.php(325): CodeIgniter\CodeIgniter->run()
11 SYSTEMPATH\Boot.php(67): CodeIgniter\Boot::runCodeIgniter(Object(CodeIgniter\CodeIgniter))
12 FCPATH\index.php(56): CodeIgniter\Boot::bootWeb(Object(Config\Paths))
CRITICAL - 2024-11-01 04:27:13 --> ErrorException: include_once(../template/css.php): Failed to open stream: No such file or directory
[Method: GET, Route: /]
in APPPATH\Views\home\home.php on line 2.
 1 APPPATH\Views\home\home.php(2): CodeIgniter\Debug\Exceptions->errorHandler(2, 'include_once(../template/css.php): Failed to open stream: No such file or directory', 'D:\\xampp\\htdocs\\marketing\\app\\Views\\home\\home.php', 2)
 2 APPPATH\Views\home\home.php(2): include_once()
 3 SYSTEMPATH\View\View.php(234): include('D:\\xampp\\htdocs\\marketing\\app\\Views\\home\\home.php')
 4 SYSTEMPATH\View\View.php(237): CodeIgniter\View\View->CodeIgniter\View\{closure}()
 5 SYSTEMPATH\Common.php(1171): CodeIgniter\View\View->render('home/home', [], true)
 6 APPPATH\Controllers\Home.php(11): view('home/home')
 7 SYSTEMPATH\CodeIgniter.php(933): App\Controllers\Home->index()
 8 SYSTEMPATH\CodeIgniter.php(509): CodeIgniter\CodeIgniter->runController(Object(App\Controllers\Home))
 9 SYSTEMPATH\CodeIgniter.php(355): CodeIgniter\CodeIgniter->handleRequest(null, Object(Config\Cache), false)
10 SYSTEMPATH\Boot.php(325): CodeIgniter\CodeIgniter->run()
11 SYSTEMPATH\Boot.php(67): CodeIgniter\Boot::runCodeIgniter(Object(CodeIgniter\CodeIgniter))
12 FCPATH\index.php(56): CodeIgniter\Boot::bootWeb(Object(Config\Paths))
CRITICAL - 2024-11-01 04:35:10 --> ErrorException: include_once(../template/css.php): Failed to open stream: No such file or directory
[Method: GET, Route: /]
in APPPATH\Views\home\home.php on line 2.
 1 APPPATH\Views\home\home.php(2): CodeIgniter\Debug\Exceptions->errorHandler(2, 'include_once(../template/css.php): Failed to open stream: No such file or directory', 'D:\\xampp\\htdocs\\marketing\\app\\Views\\home\\home.php', 2)
 2 APPPATH\Views\home\home.php(2): include_once()
 3 SYSTEMPATH\View\View.php(234): include('D:\\xampp\\htdocs\\marketing\\app\\Views\\home\\home.php')
 4 SYSTEMPATH\View\View.php(237): CodeIgniter\View\View->CodeIgniter\View\{closure}()
 5 SYSTEMPATH\Common.php(1171): CodeIgniter\View\View->render('home/home', [], true)
 6 APPPATH\Controllers\Home.php(11): view('home/home')
 7 SYSTEMPATH\CodeIgniter.php(933): App\Controllers\Home->index()
 8 SYSTEMPATH\CodeIgniter.php(509): CodeIgniter\CodeIgniter->runController(Object(App\Controllers\Home))
 9 SYSTEMPATH\CodeIgniter.php(355): CodeIgniter\CodeIgniter->handleRequest(null, Object(Config\Cache), false)
10 SYSTEMPATH\Boot.php(325): CodeIgniter\CodeIgniter->run()
11 SYSTEMPATH\Boot.php(67): CodeIgniter\Boot::runCodeIgniter(Object(CodeIgniter\CodeIgniter))
12 FCPATH\index.php(56): CodeIgniter\Boot::bootWeb(Object(Config\Paths))
CRITICAL - 2024-11-01 04:35:10 --> ErrorException: include_once(../template/css.php): Failed to open stream: No such file or directory
[Method: GET, Route: /]
in APPPATH\Views\home\home.php on line 2.
 1 APPPATH\Views\home\home.php(2): CodeIgniter\Debug\Exceptions->errorHandler(2, 'include_once(../template/css.php): Failed to open stream: No such file or directory', 'D:\\xampp\\htdocs\\marketing\\app\\Views\\home\\home.php', 2)
 2 APPPATH\Views\home\home.php(2): include_once()
 3 SYSTEMPATH\View\View.php(234): include('D:\\xampp\\htdocs\\marketing\\app\\Views\\home\\home.php')
 4 SYSTEMPATH\View\View.php(237): CodeIgniter\View\View->CodeIgniter\View\{closure}()
 5 SYSTEMPATH\Common.php(1171): CodeIgniter\View\View->render('home/home', [], true)
 6 APPPATH\Controllers\Home.php(11): view('home/home')
 7 SYSTEMPATH\CodeIgniter.php(933): App\Controllers\Home->index()
 8 SYSTEMPATH\CodeIgniter.php(509): CodeIgniter\CodeIgniter->runController(Object(App\Controllers\Home))
 9 SYSTEMPATH\CodeIgniter.php(355): CodeIgniter\CodeIgniter->handleRequest(null, Object(Config\Cache), false)
10 SYSTEMPATH\Boot.php(325): CodeIgniter\CodeIgniter->run()
11 SYSTEMPATH\Boot.php(67): CodeIgniter\Boot::runCodeIgniter(Object(CodeIgniter\CodeIgniter))
12 FCPATH\index.php(56): CodeIgniter\Boot::bootWeb(Object(Config\Paths))
CRITICAL - 2024-11-01 04:35:11 --> ErrorException: include_once(../template/css.php): Failed to open stream: No such file or directory
[Method: GET, Route: /]
in APPPATH\Views\home\home.php on line 2.
 1 APPPATH\Views\home\home.php(2): CodeIgniter\Debug\Exceptions->errorHandler(2, 'include_once(../template/css.php): Failed to open stream: No such file or directory', 'D:\\xampp\\htdocs\\marketing\\app\\Views\\home\\home.php', 2)
 2 APPPATH\Views\home\home.php(2): include_once()
 3 SYSTEMPATH\View\View.php(234): include('D:\\xampp\\htdocs\\marketing\\app\\Views\\home\\home.php')
 4 SYSTEMPATH\View\View.php(237): CodeIgniter\View\View->CodeIgniter\View\{closure}()
 5 SYSTEMPATH\Common.php(1171): CodeIgniter\View\View->render('home/home', [], true)
 6 APPPATH\Controllers\Home.php(11): view('home/home')
 7 SYSTEMPATH\CodeIgniter.php(933): App\Controllers\Home->index()
 8 SYSTEMPATH\CodeIgniter.php(509): CodeIgniter\CodeIgniter->runController(Object(App\Controllers\Home))
 9 SYSTEMPATH\CodeIgniter.php(355): CodeIgniter\CodeIgniter->handleRequest(null, Object(Config\Cache), false)
10 SYSTEMPATH\Boot.php(325): CodeIgniter\CodeIgniter->run()
11 SYSTEMPATH\Boot.php(67): CodeIgniter\Boot::runCodeIgniter(Object(CodeIgniter\CodeIgniter))
12 FCPATH\index.php(56): CodeIgniter\Boot::bootWeb(Object(Config\Paths))
CRITICAL - 2024-11-01 04:35:11 --> ErrorException: include_once(../template/css.php): Failed to open stream: No such file or directory
[Method: GET, Route: /]
in APPPATH\Views\home\home.php on line 2.
 1 APPPATH\Views\home\home.php(2): CodeIgniter\Debug\Exceptions->errorHandler(2, 'include_once(../template/css.php): Failed to open stream: No such file or directory', 'D:\\xampp\\htdocs\\marketing\\app\\Views\\home\\home.php', 2)
 2 APPPATH\Views\home\home.php(2): include_once()
 3 SYSTEMPATH\View\View.php(234): include('D:\\xampp\\htdocs\\marketing\\app\\Views\\home\\home.php')
 4 SYSTEMPATH\View\View.php(237): CodeIgniter\View\View->CodeIgniter\View\{closure}()
 5 SYSTEMPATH\Common.php(1171): CodeIgniter\View\View->render('home/home', [], true)
 6 APPPATH\Controllers\Home.php(11): view('home/home')
 7 SYSTEMPATH\CodeIgniter.php(933): App\Controllers\Home->index()
 8 SYSTEMPATH\CodeIgniter.php(509): CodeIgniter\CodeIgniter->runController(Object(App\Controllers\Home))
 9 SYSTEMPATH\CodeIgniter.php(355): CodeIgniter\CodeIgniter->handleRequest(null, Object(Config\Cache), false)
10 SYSTEMPATH\Boot.php(325): CodeIgniter\CodeIgniter->run()
11 SYSTEMPATH\Boot.php(67): CodeIgniter\Boot::runCodeIgniter(Object(CodeIgniter\CodeIgniter))
12 FCPATH\index.php(56): CodeIgniter\Boot::bootWeb(Object(Config\Paths))
CRITICAL - 2024-11-01 04:35:11 --> ErrorException: include_once(../template/css.php): Failed to open stream: No such file or directory
[Method: GET, Route: /]
in APPPATH\Views\home\home.php on line 2.
 1 APPPATH\Views\home\home.php(2): CodeIgniter\Debug\Exceptions->errorHandler(2, 'include_once(../template/css.php): Failed to open stream: No such file or directory', 'D:\\xampp\\htdocs\\marketing\\app\\Views\\home\\home.php', 2)
 2 APPPATH\Views\home\home.php(2): include_once()
 3 SYSTEMPATH\View\View.php(234): include('D:\\xampp\\htdocs\\marketing\\app\\Views\\home\\home.php')
 4 SYSTEMPATH\View\View.php(237): CodeIgniter\View\View->CodeIgniter\View\{closure}()
 5 SYSTEMPATH\Common.php(1171): CodeIgniter\View\View->render('home/home', [], true)
 6 APPPATH\Controllers\Home.php(11): view('home/home')
 7 SYSTEMPATH\CodeIgniter.php(933): App\Controllers\Home->index()
 8 SYSTEMPATH\CodeIgniter.php(509): CodeIgniter\CodeIgniter->runController(Object(App\Controllers\Home))
 9 SYSTEMPATH\CodeIgniter.php(355): CodeIgniter\CodeIgniter->handleRequest(null, Object(Config\Cache), false)
10 SYSTEMPATH\Boot.php(325): CodeIgniter\CodeIgniter->run()
11 SYSTEMPATH\Boot.php(67): CodeIgniter\Boot::runCodeIgniter(Object(CodeIgniter\CodeIgniter))
12 FCPATH\index.php(56): CodeIgniter\Boot::bootWeb(Object(Config\Paths))
CRITICAL - 2024-11-01 04:35:11 --> ErrorException: include_once(../template/css.php): Failed to open stream: No such file or directory
[Method: GET, Route: /]
in APPPATH\Views\home\home.php on line 2.
 1 APPPATH\Views\home\home.php(2): CodeIgniter\Debug\Exceptions->errorHandler(2, 'include_once(../template/css.php): Failed to open stream: No such file or directory', 'D:\\xampp\\htdocs\\marketing\\app\\Views\\home\\home.php', 2)
 2 APPPATH\Views\home\home.php(2): include_once()
 3 SYSTEMPATH\View\View.php(234): include('D:\\xampp\\htdocs\\marketing\\app\\Views\\home\\home.php')
 4 SYSTEMPATH\View\View.php(237): CodeIgniter\View\View->CodeIgniter\View\{closure}()
 5 SYSTEMPATH\Common.php(1171): CodeIgniter\View\View->render('home/home', [], true)
 6 APPPATH\Controllers\Home.php(11): view('home/home')
 7 SYSTEMPATH\CodeIgniter.php(933): App\Controllers\Home->index()
 8 SYSTEMPATH\CodeIgniter.php(509): CodeIgniter\CodeIgniter->runController(Object(App\Controllers\Home))
 9 SYSTEMPATH\CodeIgniter.php(355): CodeIgniter\CodeIgniter->handleRequest(null, Object(Config\Cache), false)
10 SYSTEMPATH\Boot.php(325): CodeIgniter\CodeIgniter->run()
11 SYSTEMPATH\Boot.php(67): CodeIgniter\Boot::runCodeIgniter(Object(CodeIgniter\CodeIgniter))
12 FCPATH\index.php(56): CodeIgniter\Boot::bootWeb(Object(Config\Paths))
CRITICAL - 2024-11-01 04:35:11 --> ErrorException: include_once(../template/css.php): Failed to open stream: No such file or directory
[Method: GET, Route: /]
in APPPATH\Views\home\home.php on line 2.
 1 APPPATH\Views\home\home.php(2): CodeIgniter\Debug\Exceptions->errorHandler(2, 'include_once(../template/css.php): Failed to open stream: No such file or directory', 'D:\\xampp\\htdocs\\marketing\\app\\Views\\home\\home.php', 2)
 2 APPPATH\Views\home\home.php(2): include_once()
 3 SYSTEMPATH\View\View.php(234): include('D:\\xampp\\htdocs\\marketing\\app\\Views\\home\\home.php')
 4 SYSTEMPATH\View\View.php(237): CodeIgniter\View\View->CodeIgniter\View\{closure}()
 5 SYSTEMPATH\Common.php(1171): CodeIgniter\View\View->render('home/home', [], true)
 6 APPPATH\Controllers\Home.php(11): view('home/home')
 7 SYSTEMPATH\CodeIgniter.php(933): App\Controllers\Home->index()
 8 SYSTEMPATH\CodeIgniter.php(509): CodeIgniter\CodeIgniter->runController(Object(App\Controllers\Home))
 9 SYSTEMPATH\CodeIgniter.php(355): CodeIgniter\CodeIgniter->handleRequest(null, Object(Config\Cache), false)
10 SYSTEMPATH\Boot.php(325): CodeIgniter\CodeIgniter->run()
11 SYSTEMPATH\Boot.php(67): CodeIgniter\Boot::runCodeIgniter(Object(CodeIgniter\CodeIgniter))
12 FCPATH\index.php(56): CodeIgniter\Boot::bootWeb(Object(Config\Paths))
CRITICAL - 2024-11-01 04:35:12 --> ErrorException: include_once(../template/css.php): Failed to open stream: No such file or directory
[Method: GET, Route: /]
in APPPATH\Views\home\home.php on line 2.
 1 APPPATH\Views\home\home.php(2): CodeIgniter\Debug\Exceptions->errorHandler(2, 'include_once(../template/css.php): Failed to open stream: No such file or directory', 'D:\\xampp\\htdocs\\marketing\\app\\Views\\home\\home.php', 2)
 2 APPPATH\Views\home\home.php(2): include_once()
 3 SYSTEMPATH\View\View.php(234): include('D:\\xampp\\htdocs\\marketing\\app\\Views\\home\\home.php')
 4 SYSTEMPATH\View\View.php(237): CodeIgniter\View\View->CodeIgniter\View\{closure}()
 5 SYSTEMPATH\Common.php(1171): CodeIgniter\View\View->render('home/home', [], true)
 6 APPPATH\Controllers\Home.php(11): view('home/home')
 7 SYSTEMPATH\CodeIgniter.php(933): App\Controllers\Home->index()
 8 SYSTEMPATH\CodeIgniter.php(509): CodeIgniter\CodeIgniter->runController(Object(App\Controllers\Home))
 9 SYSTEMPATH\CodeIgniter.php(355): CodeIgniter\CodeIgniter->handleRequest(null, Object(Config\Cache), false)
10 SYSTEMPATH\Boot.php(325): CodeIgniter\CodeIgniter->run()
11 SYSTEMPATH\Boot.php(67): CodeIgniter\Boot::runCodeIgniter(Object(CodeIgniter\CodeIgniter))
12 FCPATH\index.php(56): CodeIgniter\Boot::bootWeb(Object(Config\Paths))
CRITICAL - 2024-11-01 04:36:02 --> ErrorException: Undefined array key "CI_ENVIRONMENT"
[Method: GET, Route: /]
in APPPATH\Controllers\Home.php on line 9.
 1 APPPATH\Controllers\Home.php(9): CodeIgniter\Debug\Exceptions->errorHandler(2, 'Undefined array key "CI_ENVIRONMENT"', 'D:\\xampp\\htdocs\\marketing\\app\\Controllers\\Home.php', 9)
 2 SYSTEMPATH\CodeIgniter.php(933): App\Controllers\Home->index()
 3 SYSTEMPATH\CodeIgniter.php(509): CodeIgniter\CodeIgniter->runController(Object(App\Controllers\Home))
 4 SYSTEMPATH\CodeIgniter.php(355): CodeIgniter\CodeIgniter->handleRequest(null, Object(Config\Cache), false)
 5 SYSTEMPATH\Boot.php(325): CodeIgniter\CodeIgniter->run()
 6 SYSTEMPATH\Boot.php(67): CodeIgniter\Boot::runCodeIgniter(Object(CodeIgniter\CodeIgniter))
 7 FCPATH\index.php(56): CodeIgniter\Boot::bootWeb(Object(Config\Paths))
CRITICAL - 2024-11-01 04:36:03 --> ErrorException: Undefined array key "CI_ENVIRONMENT"
[Method: GET, Route: /]
in APPPATH\Controllers\Home.php on line 9.
 1 APPPATH\Controllers\Home.php(9): CodeIgniter\Debug\Exceptions->errorHandler(2, 'Undefined array key "CI_ENVIRONMENT"', 'D:\\xampp\\htdocs\\marketing\\app\\Controllers\\Home.php', 9)
 2 SYSTEMPATH\CodeIgniter.php(933): App\Controllers\Home->index()
 3 SYSTEMPATH\CodeIgniter.php(509): CodeIgniter\CodeIgniter->runController(Object(App\Controllers\Home))
 4 SYSTEMPATH\CodeIgniter.php(355): CodeIgniter\CodeIgniter->handleRequest(null, Object(Config\Cache), false)
 5 SYSTEMPATH\Boot.php(325): CodeIgniter\CodeIgniter->run()
 6 SYSTEMPATH\Boot.php(67): CodeIgniter\Boot::runCodeIgniter(Object(CodeIgniter\CodeIgniter))
 7 FCPATH\index.php(56): CodeIgniter\Boot::bootWeb(Object(Config\Paths))
CRITICAL - 2024-11-01 04:36:03 --> ErrorException: Undefined array key "CI_ENVIRONMENT"
[Method: GET, Route: /]
in APPPATH\Controllers\Home.php on line 9.
 1 APPPATH\Controllers\Home.php(9): CodeIgniter\Debug\Exceptions->errorHandler(2, 'Undefined array key "CI_ENVIRONMENT"', 'D:\\xampp\\htdocs\\marketing\\app\\Controllers\\Home.php', 9)
 2 SYSTEMPATH\CodeIgniter.php(933): App\Controllers\Home->index()
 3 SYSTEMPATH\CodeIgniter.php(509): CodeIgniter\CodeIgniter->runController(Object(App\Controllers\Home))
 4 SYSTEMPATH\CodeIgniter.php(355): CodeIgniter\CodeIgniter->handleRequest(null, Object(Config\Cache), false)
 5 SYSTEMPATH\Boot.php(325): CodeIgniter\CodeIgniter->run()
 6 SYSTEMPATH\Boot.php(67): CodeIgniter\Boot::runCodeIgniter(Object(CodeIgniter\CodeIgniter))
 7 FCPATH\index.php(56): CodeIgniter\Boot::bootWeb(Object(Config\Paths))
CRITICAL - 2024-11-01 04:36:03 --> ErrorException: Undefined array key "CI_ENVIRONMENT"
[Method: GET, Route: /]
in APPPATH\Controllers\Home.php on line 9.
 1 APPPATH\Controllers\Home.php(9): CodeIgniter\Debug\Exceptions->errorHandler(2, 'Undefined array key "CI_ENVIRONMENT"', 'D:\\xampp\\htdocs\\marketing\\app\\Controllers\\Home.php', 9)
 2 SYSTEMPATH\CodeIgniter.php(933): App\Controllers\Home->index()
 3 SYSTEMPATH\CodeIgniter.php(509): CodeIgniter\CodeIgniter->runController(Object(App\Controllers\Home))
 4 SYSTEMPATH\CodeIgniter.php(355): CodeIgniter\CodeIgniter->handleRequest(null, Object(Config\Cache), false)
 5 SYSTEMPATH\Boot.php(325): CodeIgniter\CodeIgniter->run()
 6 SYSTEMPATH\Boot.php(67): CodeIgniter\Boot::runCodeIgniter(Object(CodeIgniter\CodeIgniter))
 7 FCPATH\index.php(56): CodeIgniter\Boot::bootWeb(Object(Config\Paths))
CRITICAL - 2024-11-01 04:36:46 --> ErrorException: Undefined array key "CI_ENVIRONMENT"
[Method: GET, Route: /]
in APPPATH\Controllers\Home.php on line 9.
 1 APPPATH\Controllers\Home.php(9): CodeIgniter\Debug\Exceptions->errorHandler(2, 'Undefined array key "CI_ENVIRONMENT"', 'D:\\xampp\\htdocs\\marketing\\app\\Controllers\\Home.php', 9)
 2 SYSTEMPATH\CodeIgniter.php(933): App\Controllers\Home->index()
 3 SYSTEMPATH\CodeIgniter.php(509): CodeIgniter\CodeIgniter->runController(Object(App\Controllers\Home))
 4 SYSTEMPATH\CodeIgniter.php(355): CodeIgniter\CodeIgniter->handleRequest(null, Object(Config\Cache), false)
 5 SYSTEMPATH\Boot.php(325): CodeIgniter\CodeIgniter->run()
 6 SYSTEMPATH\Boot.php(67): CodeIgniter\Boot::runCodeIgniter(Object(CodeIgniter\CodeIgniter))
 7 FCPATH\index.php(56): CodeIgniter\Boot::bootWeb(Object(Config\Paths))
CRITICAL - 2024-11-01 04:36:46 --> ErrorException: Undefined array key "CI_ENVIRONMENT"
[Method: GET, Route: /]
in APPPATH\Controllers\Home.php on line 9.
 1 APPPATH\Controllers\Home.php(9): CodeIgniter\Debug\Exceptions->errorHandler(2, 'Undefined array key "CI_ENVIRONMENT"', 'D:\\xampp\\htdocs\\marketing\\app\\Controllers\\Home.php', 9)
 2 SYSTEMPATH\CodeIgniter.php(933): App\Controllers\Home->index()
 3 SYSTEMPATH\CodeIgniter.php(509): CodeIgniter\CodeIgniter->runController(Object(App\Controllers\Home))
 4 SYSTEMPATH\CodeIgniter.php(355): CodeIgniter\CodeIgniter->handleRequest(null, Object(Config\Cache), false)
 5 SYSTEMPATH\Boot.php(325): CodeIgniter\CodeIgniter->run()
 6 SYSTEMPATH\Boot.php(67): CodeIgniter\Boot::runCodeIgniter(Object(CodeIgniter\CodeIgniter))
 7 FCPATH\index.php(56): CodeIgniter\Boot::bootWeb(Object(Config\Paths))
CRITICAL - 2024-11-01 04:36:46 --> ErrorException: Undefined array key "CI_ENVIRONMENT"
[Method: GET, Route: /]
in APPPATH\Controllers\Home.php on line 9.
 1 APPPATH\Controllers\Home.php(9): CodeIgniter\Debug\Exceptions->errorHandler(2, 'Undefined array key "CI_ENVIRONMENT"', 'D:\\xampp\\htdocs\\marketing\\app\\Controllers\\Home.php', 9)
 2 SYSTEMPATH\CodeIgniter.php(933): App\Controllers\Home->index()
 3 SYSTEMPATH\CodeIgniter.php(509): CodeIgniter\CodeIgniter->runController(Object(App\Controllers\Home))
 4 SYSTEMPATH\CodeIgniter.php(355): CodeIgniter\CodeIgniter->handleRequest(null, Object(Config\Cache), false)
 5 SYSTEMPATH\Boot.php(325): CodeIgniter\CodeIgniter->run()
 6 SYSTEMPATH\Boot.php(67): CodeIgniter\Boot::runCodeIgniter(Object(CodeIgniter\CodeIgniter))
 7 FCPATH\index.php(56): CodeIgniter\Boot::bootWeb(Object(Config\Paths))
CRITICAL - 2024-11-01 04:38:38 --> ErrorException: Undefined array key "CI_ENVIRONMENT"
[Method: GET, Route: /]
in APPPATH\Controllers\Home.php on line 9.
 1 APPPATH\Controllers\Home.php(9): CodeIgniter\Debug\Exceptions->errorHandler(2, 'Undefined array key "CI_ENVIRONMENT"', 'D:\\xampp\\htdocs\\marketing\\app\\Controllers\\Home.php', 9)
 2 SYSTEMPATH\CodeIgniter.php(933): App\Controllers\Home->index()
 3 SYSTEMPATH\CodeIgniter.php(509): CodeIgniter\CodeIgniter->runController(Object(App\Controllers\Home))
 4 SYSTEMPATH\CodeIgniter.php(355): CodeIgniter\CodeIgniter->handleRequest(null, Object(Config\Cache), false)
 5 SYSTEMPATH\Boot.php(325): CodeIgniter\CodeIgniter->run()
 6 SYSTEMPATH\Boot.php(67): CodeIgniter\Boot::runCodeIgniter(Object(CodeIgniter\CodeIgniter))
 7 FCPATH\index.php(56): CodeIgniter\Boot::bootWeb(Object(Config\Paths))
CRITICAL - 2024-11-01 04:38:38 --> ErrorException: Undefined array key "CI_ENVIRONMENT"
[Method: GET, Route: /]
in APPPATH\Controllers\Home.php on line 9.
 1 APPPATH\Controllers\Home.php(9): CodeIgniter\Debug\Exceptions->errorHandler(2, 'Undefined array key "CI_ENVIRONMENT"', 'D:\\xampp\\htdocs\\marketing\\app\\Controllers\\Home.php', 9)
 2 SYSTEMPATH\CodeIgniter.php(933): App\Controllers\Home->index()
 3 SYSTEMPATH\CodeIgniter.php(509): CodeIgniter\CodeIgniter->runController(Object(App\Controllers\Home))
 4 SYSTEMPATH\CodeIgniter.php(355): CodeIgniter\CodeIgniter->handleRequest(null, Object(Config\Cache), false)
 5 SYSTEMPATH\Boot.php(325): CodeIgniter\CodeIgniter->run()
 6 SYSTEMPATH\Boot.php(67): CodeIgniter\Boot::runCodeIgniter(Object(CodeIgniter\CodeIgniter))
 7 FCPATH\index.php(56): CodeIgniter\Boot::bootWeb(Object(Config\Paths))
CRITICAL - 2024-11-01 04:38:45 --> ErrorException: Undefined array key "CI_ENVIRONMENT"
[Method: GET, Route: /]
in APPPATH\Controllers\Home.php on line 9.
 1 APPPATH\Controllers\Home.php(9): CodeIgniter\Debug\Exceptions->errorHandler(2, 'Undefined array key "CI_ENVIRONMENT"', 'D:\\xampp\\htdocs\\marketing\\app\\Controllers\\Home.php', 9)
 2 SYSTEMPATH\CodeIgniter.php(933): App\Controllers\Home->index()
 3 SYSTEMPATH\CodeIgniter.php(509): CodeIgniter\CodeIgniter->runController(Object(App\Controllers\Home))
 4 SYSTEMPATH\CodeIgniter.php(355): CodeIgniter\CodeIgniter->handleRequest(null, Object(Config\Cache), false)
 5 SYSTEMPATH\Boot.php(325): CodeIgniter\CodeIgniter->run()
 6 SYSTEMPATH\Boot.php(67): CodeIgniter\Boot::runCodeIgniter(Object(CodeIgniter\CodeIgniter))
 7 FCPATH\index.php(56): CodeIgniter\Boot::bootWeb(Object(Config\Paths))
CRITICAL - 2024-11-01 05:51:56 --> ErrorException: Undefined array key "CI_ENVIRONMENT"
[Method: GET, Route: /]
in APPPATH\Controllers\Home.php on line 9.
 1 APPPATH\Controllers\Home.php(9): CodeIgniter\Debug\Exceptions->errorHandler(2, 'Undefined array key "CI_ENVIRONMENT"', 'D:\\xampp\\htdocs\\marketing\\app\\Controllers\\Home.php', 9)
 2 SYSTEMPATH\CodeIgniter.php(933): App\Controllers\Home->index()
 3 SYSTEMPATH\CodeIgniter.php(509): CodeIgniter\CodeIgniter->runController(Object(App\Controllers\Home))
 4 SYSTEMPATH\CodeIgniter.php(355): CodeIgniter\CodeIgniter->handleRequest(null, Object(Config\Cache), false)
 5 SYSTEMPATH\Boot.php(325): CodeIgniter\CodeIgniter->run()
 6 SYSTEMPATH\Boot.php(67): CodeIgniter\Boot::runCodeIgniter(Object(CodeIgniter\CodeIgniter))
 7 FCPATH\index.php(56): CodeIgniter\Boot::bootWeb(Object(Config\Paths))
CRITICAL - 2024-11-01 05:52:00 --> ErrorException: Undefined array key "CI_ENVIRONMENT"
[Method: GET, Route: /]
in APPPATH\Controllers\Home.php on line 9.
 1 APPPATH\Controllers\Home.php(9): CodeIgniter\Debug\Exceptions->errorHandler(2, 'Undefined array key "CI_ENVIRONMENT"', 'D:\\xampp\\htdocs\\marketing\\app\\Controllers\\Home.php', 9)
 2 SYSTEMPATH\CodeIgniter.php(933): App\Controllers\Home->index()
 3 SYSTEMPATH\CodeIgniter.php(509): CodeIgniter\CodeIgniter->runController(Object(App\Controllers\Home))
 4 SYSTEMPATH\CodeIgniter.php(355): CodeIgniter\CodeIgniter->handleRequest(null, Object(Config\Cache), false)
 5 SYSTEMPATH\Boot.php(325): CodeIgniter\CodeIgniter->run()
 6 SYSTEMPATH\Boot.php(67): CodeIgniter\Boot::runCodeIgniter(Object(CodeIgniter\CodeIgniter))
 7 FCPATH\index.php(56): CodeIgniter\Boot::bootWeb(Object(Config\Paths))
